<?xml version="1.0" encoding="UTF-8"?>
<!-- Generated by org.testng.reporters.JUnitXMLReporter -->
<testsuite ignored="0" hostname="DESKTOP-4VBOKL6" failures="1" tests="2" name="AddToCartTests" time="6.017" errors="0" timestamp="2025-02-12T19:53:58 EET">
  <testcase classname="tests.AddToCartTest" name="testAddToCartSuccessfully" time="0.113"/>
  <testcase classname="tests.AddToCartTest" name="testAddToCartWithoutLogin" time="0.471">
    <failure type="java.lang.AssertionError" message="Item should not be added to cart without login! expected [false] but found [true]">
      <![CDATA[java.lang.AssertionError: Item should not be added to cart without login! expected [false] but found [true]
at tests.AddToCartTest.testAddToCartWithoutLogin(AddToCartTest.java:38)
at java.base/java.util.ArrayList.forEach(ArrayList.java:1511)
... Removed 30 stack frames]]>
    </failure>
  </testcase> <!-- testAddToCartWithoutLogin -->
</testsuite> <!-- AddToCartTests -->
