<?xml version="1.0" encoding="UTF-8"?>
<!-- Generated by org.testng.reporters.JUnitXMLReporter -->
<testsuite ignored="0" hostname="DESKTOP-4VBOKL6" failures="0" tests="3" name="LoginTests" time="14.496" errors="0" timestamp="2025-02-12T19:53:52 EET">
  <testcase classname="tests.LoginTest" name="testSuccessfulLogin" time="0.566"/>
  <testcase classname="tests.LoginTest" name="testLoginWithInvalidCredentials" time="0.527"/>
  <testcase classname="tests.LoginTest" name="testLoginWithEmptyFields" time="0.399"/>
</testsuite> <!-- LoginTests -->
