<?xml version="1.0" encoding="UTF-8"?>
<!-- Generated by org.testng.reporters.JUnitXMLReporter -->
<testsuite ignored="0" hostname="DESKTOP-4VBOKL6" failures="0" tests="3" name="SauceDemoTests" time="14.582" errors="0" timestamp="2025-02-12T18:34:02 EET">
  <testcase classname="tests.LoginTest" name="testSuccessfulLogin" time="0.586"/>
  <testcase classname="tests.AddToCartTest" name="testAddToCart" time="0.82"/>
  <testcase classname="tests.CheckoutTest" name="testCheckoutProcess" time="1.54"/>
</testsuite> <!-- SauceDemoTests -->
